SF:lib\config\my_app\my_app.dart
DA:15,1
DA:18,1
DA:20,1
DA:21,1
DA:22,1
DA:23,3
DA:26,1
DA:27,0
DA:28,0
DA:30,0
DA:31,0
DA:33,0
DA:35,0
LF:13
LH:7
end_of_record
SF:lib\common\app_storage\app_storage.dart
DA:6,0
DA:8,0
DA:9,0
DA:11,0
DA:12,0
DA:14,0
DA:15,0
DA:17,0
DA:18,0
DA:23,0
DA:24,0
DA:25,0
DA:27,0
DA:28,0
DA:30,0
DA:31,0
DA:33,0
DA:34,0
DA:41,0
DA:46,0
DA:48,0
DA:54,0
DA:59,0
DA:61,0
DA:67,0
DA:72,0
DA:74,0
DA:80,0
DA:85,0
DA:87,0
DA:91,0
DA:92,0
DA:96,0
DA:97,0
LF:34
LH:0
end_of_record
SF:lib\common\app_storage\secure_storage\secure_storage.dart
DA:8,0
DA:9,0
DA:13,0
DA:14,0
DA:18,0
DA:19,0
DA:21,0
DA:26,0
DA:27,0
DA:29,0
DA:35,0
DA:36,0
DA:40,0
DA:41,0
DA:43,0
DA:49,0
DA:50,0
DA:54,0
DA:55,0
DA:57,0
DA:63,0
DA:64,0
LF:22
LH:0
end_of_record
SF:lib\common\app_storage\shared_preference\shared_preference.dart
DA:5,0
DA:6,0
DA:9,0
DA:10,0
DA:11,0
DA:15,0
DA:16,0
DA:17,0
DA:21,0
DA:22,0
DA:23,0
DA:27,0
DA:28,0
DA:29,0
DA:33,0
DA:34,0
DA:35,0
DA:39,0
DA:40,0
DA:41,0
DA:45,0
DA:46,0
DA:47,0
DA:51,0
DA:52,0
DA:53,0
DA:57,0
DA:58,0
DA:59,0
LF:29
LH:0
end_of_record
SF:lib\common\di\injector.dart
DA:8,3
DA:11,0
DA:14,0
LF:3
LH:1
end_of_record
SF:lib\common\localization\repository\language_repository_impl.dart
DA:7,0
DA:9,0
DA:12,0
DA:15,0
DA:18,0
DA:20,0
DA:22,0
LF:7
LH:0
end_of_record
SF:lib\common\extensions\build_context_extensions.dart
DA:5,0
DA:7,0
DA:9,0
DA:11,0
DA:13,0
DA:15,0
LF:6
LH:0
end_of_record
SF:lib\common\extensions\snack_bar.dart
DA:6,0
DA:7,0
DA:13,0
DA:18,0
LF:4
LH:0
end_of_record
SF:lib\common\ui\modals\snackbar.dart
DA:8,0
DA:13,0
DA:14,0
DA:15,0
DA:16,0
DA:17,0
DA:18,0
DA:24,0
DA:30,0
DA:31,0
DA:32,0
DA:33,0
DA:34,0
DA:35,0
LF:14
LH:0
end_of_record
SF:lib\common\localization\bloc\language_bloc.dart
DA:15,0
DA:17,0
DA:18,0
DA:19,0
DA:20,0
DA:23,0
DA:25,0
DA:26,0
DA:29,0
DA:31,0
DA:32,0
DA:34,0
DA:35,0
DA:37,0
LF:14
LH:0
end_of_record
SF:lib\common\localization\bloc\language_event.dart
DA:4,1
DA:8,1
DA:12,0
LF:3
LH:2
end_of_record
SF:lib\common\localization\bloc\language_state.dart
DA:6,1
DA:10,1
DA:14,1
LF:3
LH:3
end_of_record
SF:lib\common\navigation\navigation_service.dart
DA:7,0
LF:1
LH:0
end_of_record
SF:lib\common\navigation\route_generator.dart
DA:11,0
DA:12,0
DA:13,0
DA:14,0
DA:15,0
DA:16,0
DA:20,0
LF:7
LH:0
end_of_record
SF:lib\features\login\presentation\screen\login_screen.dart
DA:13,1
DA:15,0
DA:16,0
DA:24,0
DA:26,0
DA:27,0
DA:28,0
DA:31,0
DA:33,0
DA:34,0
DA:35,0
DA:38,0
DA:40,0
DA:41,0
DA:42,0
DA:44,0
DA:45,0
DA:46,0
DA:47,0
DA:48,0
DA:49,0
DA:50,0
DA:51,0
DA:54,0
DA:55,0
DA:56,0
DA:58,0
DA:62,0
DA:63,0
DA:64,0
DA:66,0
DA:70,0
DA:71,0
DA:72,0
DA:73,0
DA:76,0
DA:77,0
DA:78,0
DA:89,0
DA:90,0
DA:91,0
DA:95,0
DA:96,0
DA:97,0
DA:98,0
DA:99,0
DA:104,0
DA:105,0
DA:106,0
DA:107,0
DA:108,0
LF:51
LH:1
end_of_record
SF:lib\features\register\presentation\screen\register_screen.dart
DA:12,1
DA:14,0
DA:15,0
DA:24,0
DA:26,0
DA:27,0
DA:28,0
DA:29,0
DA:32,0
DA:34,0
DA:35,0
DA:36,0
DA:37,0
DA:40,0
DA:42,0
DA:43,0
DA:44,0
DA:46,0
DA:47,0
DA:48,0
DA:49,0
DA:50,0
DA:51,0
DA:52,0
DA:53,0
DA:56,0
DA:57,0
DA:58,0
DA:60,0
DA:64,0
DA:65,0
DA:66,0
DA:68,0
DA:72,0
DA:73,0
DA:74,0
DA:76,0
DA:80,0
DA:81,0
DA:82,0
DA:83,0
DA:86,0
DA:87,0
DA:88,0
DA:99,0
DA:100,0
DA:101,0
DA:105,0
DA:106,0
DA:107,0
DA:108,0
DA:109,0
DA:114,0
DA:115,0
DA:116,0
DA:117,0
DA:118,0
DA:123,0
DA:124,0
DA:125,0
DA:126,0
DA:127,0
LF:62
LH:1
end_of_record
SF:lib\common\ui\empty_states\navigation_error_screen.dart
DA:7,1
DA:9,0
DA:11,0
DA:12,0
DA:15,0
DA:17,0
LF:6
LH:1
end_of_record
SF:lib\common\ui\theme\app_themes.dart
DA:13,0
DA:15,0
DA:19,0
DA:20,0
DA:21,0
DA:22,0
DA:23,0
DA:25,0
DA:28,0
DA:30,0
DA:34,0
DA:35,0
DA:36,0
DA:37,0
DA:38,0
DA:40,0
LF:16
LH:0
end_of_record
SF:lib\common\ui\theme\component_themes\app_button_themes.dart
DA:21,0
DA:22,0
DA:23,0
DA:27,0
DA:31,0
DA:32,0
DA:33,0
DA:37,0
DA:44,0
DA:45,0
DA:46,0
DA:54,0
DA:55,0
DA:56,0
DA:67,0
DA:68,0
DA:74,0
DA:75,0
LF:18
LH:0
end_of_record
SF:lib\common\ui\theme\component_themes\app_decoration_theme.dart
DA:7,0
DA:8,0
DA:10,0
DA:12,0
DA:14,0
DA:16,0
DA:18,0
DA:20,0
DA:22,0
DA:24,0
DA:26,0
DA:28,0
DA:38,0
DA:39,0
DA:41,0
DA:43,0
DA:45,0
DA:47,0
DA:49,0
DA:51,0
DA:52,0
DA:53,0
DA:55,0
DA:57,0
DA:59,0
DA:62,0
LF:26
LH:0
end_of_record
SF:lib\common\ui\theme\component_themes\app_dialog_theme.dart
DA:6,0
DA:9,0
DA:10,0
DA:13,0
DA:14,0
DA:15,0
DA:16,0
DA:17,0
LF:8
LH:0
end_of_record
SF:lib\common\ui\theme\component_themes\app_text_themes.dart
DA:16,0
DA:17,0
DA:18,0
DA:19,0
DA:20,0
DA:21,0
DA:22,0
DA:63,0
DA:66,0
DA:69,0
DA:72,0
DA:75,0
DA:78,0
LF:13
LH:0
end_of_record
SF:lib\common\ui\theme\component_themes\snackbar_theme.dart
DA:7,0
DA:9,0
DA:10,0
DA:14,0
DA:16,0
LF:5
LH:0
end_of_record
SF:lib\common\ui\widgets\buttons\primary_button.dart
DA:12,0
DA:21,0
DA:23,0
DA:24,0
DA:25,0
DA:27,0
DA:28,0
DA:29,0
DA:31,0
DA:32,0
DA:33,0
DA:43,0
LF:12
LH:0
end_of_record
SF:lib\features\register\presentation\widgets\text_form_field_widget.dart
DA:4,0
DA:19,0
DA:20,0
DA:26,0
DA:28,0
DA:29,0
DA:32,0
DA:34,0
DA:36,0
DA:37,0
DA:39,0
DA:40,0
DA:41,0
DA:42,0
DA:43,0
DA:44,0
DA:47,0
DA:48,0
DA:52,0
DA:53,0
DA:54,0
DA:55,0
DA:56,0
LF:23
LH:0
end_of_record
